Command line:
   TOP_isim_beh.exe
     -simmode  gui
     -simrunnum  0
     -socket  17314

Wed Oct 29 06:20:02 2014


 Elaboration Time: 0.0468 sec

 Current Memory Usage: 680.255 Meg

 Total Signals          : 139
 Total Nets             : 10244
 Total Signal Drivers   : 70
 Total Blocks           : 16
 Total Primitive Blocks : 14
 Total Processes        : 58
 Total Traceable Variables  : 14
 Total Scalar Nets and Variables : 18817
Total Line Count : 177

 Total Simulation Time: 0.0936 sec

 Current Memory Usage: 680.255 Meg

Wed Oct 29 06:20:30 2014

