Command line:
   MIPS_isim_beh.exe
     -simmode  gui
     -simrunnum  0
     -socket  51940

Sat Nov 01 00:58:46 2014


 Elaboration Time: 0.0625 sec

 Current Memory Usage: 367.763 Meg

 Total Signals          : 70
 Total Nets             : 1597
 Total Signal Drivers   : 32
 Total Blocks           : 9
 Total Primitive Blocks : 8
 Total Processes        : 8
 Total Traceable Variables  : 10
 Total Scalar Nets and Variables : 1975
Total Line Count : 150

 Total Simulation Time: 0.109375 sec

 Current Memory Usage: 682.353 Meg

Sat Nov 01 00:59:26 2014

